1563265280639	geckodriver	INFO	geckodriver 0.19.1
1563265280658	geckodriver	INFO	Listening on 127.0.0.1:65207
1563265283791	mozrunner::runner	INFO	Running command: "D:\\Program Files\\Mozilla Firefox\\firefox.exe" "-marionette" "-profile" "C:\\Users\\v-xug\\AppData\\Local\\Temp\\rust_mozprofile.H41S3jvce8fU"
Unable to read VR Path Registry from C:\Users\v-xug\AppData\Local\openvr\openvrpaths.vrpath
Unable to read VR Path Registry from C:\Users\v-xug\AppData\Local\openvr\openvrpaths.vrpath
Unable to read VR Path Registry from C:\Users\v-xug\AppData\Local\openvr\openvrpaths.vrpath
Unable to read VR Path Registry from C:\Users\v-xug\AppData\Local\openvr\openvrpaths.vrpath
Unable to read VR Path Registry from C:\Users\v-xug\AppData\Local\openvr\openvrpaths.vrpath
1563265287736	Marionette	INFO	Listening on port 65216
1563265288181	Marionette	WARN	TLS certificate errors will be ignored for this session
[Parent 8912, Gecko_IOThread] WARNING: pipe error: 109: file z:/build/build/src/ipc/chromium/src/chrome/common1563265336030	mozrunner::runner	INFO	Running command: "D:\\Program Files\\Mozilla Firefox\\firefox.exe" "-marionette" "-profile" "C:\\Users\\v-xug\\AppData\\Local\\Temp\\rust_mozprofile.3wXnPwI0HkEe"
Unable to read VR Path Registry from C:\Users\v-xug\AppData\Local\openvr\openvrpaths.vrpath
Unable to read VR Path Registry from C:\Users\v-xug\AppData\Local\openvr\openvrpaths.vrpath
Unable to read VR Path Registry from C:\Users\v-xug\AppData\Local\openvr\openvrpaths.vrpath
Unable to read VR Path Registry from C:\Users\v-xug\AppData\Local\openvr\openvrpaths.vrpath
Unable to read VR Path Registry from C:\Users\v-xug\AppData\Local\openvr\openvrpaths.vrpath
1563265339887	Marionette	INFO	Listening on port 65292
1563265340462	Marionette	WARN	TLS certificate errors will be ignored for this session
[Parent 13988, Gecko_IOThread] WARNING: pipe error: 109: file z:/build/build/src/ipc/chromium/src/chrome/common/ipc_channel_win.cc, line 346
[Parent 13988, Gecko_IOThread] WARNING: pipe error: 109: file z:/build/build/src/ipc/chromium/src/chrome/common/ipc_channel_win.cc, line 346
[Parent 13988, Gecko_IOThread] WARNING: pipe error: 109: file z:/build/build/src/ipc/chromium/src/chrome/common/ipc_channel_win.cc, line 346
*** UTM:SVC TimerManager:registerTimer called after profile-before-change notification. Ignoring timer registration for id: telemetry_modules_ping

###!!! [Child][MessageChannel::SendAndWait] Error: Channel error: cannot send/recv

1563266904395	geckodriver	INFO	geckodriver 0.19.1
1563266904415	geckodriver	INFO	Listening on 127.0.0.1:49592
1563266907564	mozrunner::runner	INFO	Running command: "D:\\Program Files\\Mozilla Firefox\\firefox.exe" "-marionette" "-profile" "C:\\Users\\v-xug\\AppData\\Local\\Temp\\rust_mozprofile.a8F1DF9QeDfQ"
Unable to read VR Path Registry from C:\Users\v-xug\AppData\Local\openvr\openvrpaths.vrpath
Unable to read VR Path Registry from C:\Users\v-xug\AppData\Local\openvr\openvrpaths.vrpath
Unable to read VR Path Registry from C:\Users\v-xug\AppData\Local\openvr\openvrpaths.vrpath
Unable to read VR Path Registry from C:\Users\v-xug\AppData\Local\openvr\openvrpaths.vrpath
Unable to read VR Path Registry from C:\Users\v-xug\AppData\Local\openvr\openvrpaths.vrpath
1563266911348	Marionette	INFO	Listening on port 49600
1563266912170	Marionette	WARN	TLS certificate errors will be ignored for this session
